[2016-04-05 02:26:40] START
[2016-04-05 02:33:30] EDIT SmartBlog/views/layout.html: -3
[2016-04-05 02:40:26] EDIT SmartBlog/views/layout.html: 57
[2016-04-05 02:41:21] EDIT SmartBlog/views/layout.html: 0
[2016-04-05 02:43:02] EDIT SmartBlog/views/layout.html: 0
[2016-04-05 02:43:32] EDIT SmartBlog/views/layout.html: 1
[2016-04-05 02:45:22] EDIT SmartBlog/views/layout.html: 0
[2016-04-05 02:47:00] EDIT SmartBlog/views/layout.html: 0
[2016-04-05 02:47:35] EDIT SmartBlog/views/layout.html: 5
[2016-04-05 02:48:28] EDIT SmartBlog/views/layout.html: -60
[2016-04-05 02:49:04] EDIT SmartBlog/views/layout.html: 60
[2016-04-05 02:51:26] EDIT SmartBlog/views/layout.html: -60
[2016-04-05 02:51:46] EDIT SmartBlog/views/layout.html: -3
[2016-04-05 02:53:18] EDIT SmartBlog/views/layout.html: 0
[2016-04-05 02:53:40] EDIT SmartBlog/views/layout.html: 0
[2016-04-05 02:54:44] EDIT SmartBlog/views/layout.html: 0
[2016-04-05 02:54:57] EDIT SmartBlog/views/layout.html: 2
[2016-04-05 02:57:24] EDIT SmartBlog/views/layout.html: -11
[2016-04-05 02:57:42] EDIT SmartBlog/views/layout.html: -2
[2016-04-05 03:00:33] EDIT SmartBlog/views/layout.html: 56
[2016-04-05 03:00:58] EDIT SmartBlog/views/layout.html: 3
[2016-04-05 03:03:42] EDIT SmartBlog/views/layout.html: 14
[2016-04-05 03:04:01] EDIT SmartBlog/views/layout.html: -2
[2016-04-05 03:04:08] EDIT SmartBlog/views/layout.html: -1
[2016-04-05 03:04:14] EDIT SmartBlog/views/layout.html: -6
[2016-04-05 03:04:20] EDIT SmartBlog/views/layout.html: -4
[2016-04-05 03:04:29] EDIT SmartBlog/views/layout.html: 0
[2016-04-05 03:07:19] EDIT SmartBlog/views/layout.html: -21
[2016-04-05 03:11:48] EDIT SmartBlog/views/layout.html: -63
[2016-04-05 03:44:22] EDIT SmartBlog/views/layout.html: 26
[2016-04-05 03:45:51] EDIT SmartBlog/views/layout.html: 0
[2016-04-05 03:45:56] EDIT SmartBlog/views/layout.html: 0
[2016-04-05 03:45:57] EDIT SmartBlog/views/layout.html: 0
[2016-04-05 03:52:12] EDIT SmartBlog/views/layout.html: 0
[2016-04-05 03:52:45] EDIT SmartBlog/views/layout.html: 0
[2016-04-05 03:55:17] EDIT SmartBlog/views/layout.html: 0
[2016-04-05 03:55:40] EDIT SmartBlog/views/layout.html: 0
[2016-04-05 03:59:23] EDIT SmartBlog/views/layout.html: -21
[2016-04-05 03:59:42] EDIT SmartBlog/views/layout.html: 21
[2016-04-05 04:03:22] EDIT SmartBlog/views/layout.html: 0
[2016-04-05 04:03:54] EDIT SmartBlog/static/css/KeepItSimple.css: 0
[2016-04-05 04:04:08] EDIT SmartBlog/static/css/KeepItSimple.css: 0
[2016-04-05 04:04:26] EDIT SmartBlog/static/css/KeepItSimple.css: 0
[2016-04-05 04:05:18] EDIT SmartBlog/static/css/KeepItSimple.css: 0
[2016-04-05 04:05:25] EDIT SmartBlog/static/css/KeepItSimple.css: 0
[2016-04-05 04:19:11] EDIT SmartBlog/views/layout.html: 0
[2016-04-05 04:19:26] EDIT SmartBlog/views/layout.html: 0
[2016-04-05 04:19:42] EDIT SmartBlog/views/layout.html: 0
[2016-04-05 04:21:58] EDIT SmartBlog/views/layout.html: 2
[2016-04-05 04:23:02] EDIT SmartBlog/views/layout.html: -2
[2016-04-05 04:23:12] EDIT SmartBlog/views/layout.html: 2
[2016-04-05 04:24:19] EDIT SmartBlog/views/layout.html: 0
[2016-04-05 04:26:12] EDIT SmartBlog/views/layout.html: -67
[2016-04-05 04:26:23] EDIT SmartBlog/views/layout.html: -2
[2016-04-05 04:27:49] EDIT SmartBlog/views/layout.html: 69
[2016-04-05 04:28:09] EDIT SmartBlog/views/layout.html: 0
[2016-04-05 04:28:15] EDIT SmartBlog/views/layout.html: 0
[2016-04-05 04:30:12] EDIT SmartBlog/static/css/KeepItSimple.css: -1
[2016-04-05 04:30:24] EDIT SmartBlog/views/layout.html: 0
[2016-04-05 04:30:56] EDIT SmartBlog/static/css/KeepItSimple.css: 1
[2016-04-05 04:31:15] EDIT SmartBlog/static/css/KeepItSimple.css: 0
[2016-04-05 04:31:23] EDIT SmartBlog/static/css/KeepItSimple.css: 0
[2016-04-05 04:32:13] EDIT SmartBlog/static/css/KeepItSimple.css: 0
[2016-04-05 04:33:59] EDIT SmartBlog/static/css/KeepItSimple.css: 0
[2016-04-05 04:37:03] EDIT SmartBlog/static/css/KeepItSimple.css: 0
[2016-04-05 04:38:17] EDIT SmartBlog/views/layout.html: 0
[2016-04-05 04:39:18] EDIT SmartBlog/views/layout.html: 0
[2016-04-05 04:39:27] EDIT SmartBlog/views/layout.html: 0
[2016-04-05 04:41:26] EDIT SmartBlog/static/css/KeepItSimple.css: 0
[2016-04-05 04:41:34] EDIT SmartBlog/static/css/KeepItSimple.css: 0
[2016-04-05 04:41:42] EDIT SmartBlog/views/layout.html: 0
[2016-04-05 04:41:54] EDIT SmartBlog/views/layout.html: 0
[2016-04-05 04:42:08] EDIT SmartBlog/views/layout.html: 0
[2016-04-05 04:42:25] EDIT SmartBlog/views/layout.html: 0
[2016-04-05 04:42:35] EDIT SmartBlog/views/layout.html: 0
[2016-04-05 04:42:41] EDIT SmartBlog/views/layout.html: 0
[2016-04-05 04:42:51] EDIT SmartBlog/views/layout.html: 0
[2016-04-05 04:43:07] EDIT SmartBlog/views/layout.html: 0
[2016-04-05 04:43:21] EDIT SmartBlog/views/layout.html: 0
[2016-04-05 04:44:51] EDIT SmartBlog/static/css/KeepItSimple.css: -1
[2016-04-05 04:45:17] EDIT SmartBlog/static/css/KeepItSimple.css: 1
[2016-04-05 04:45:33] EDIT SmartBlog/static/css/KeepItSimple.css: 0
[2016-04-05 04:47:16] EDIT SmartBlog/static/css/KeepItSimple.css: 0
[2016-04-05 04:48:09] EDIT SmartBlog/static/css/KeepItSimple.css: -1
[2016-04-05 04:50:09] EDIT SmartBlog/static/css/KeepItSimple.css: 2
[2016-04-05 04:50:42] EDIT SmartBlog/static/css/KeepItSimple.css: -1
[2016-04-05 04:52:13] EDIT SmartBlog/static/css/KeepItSimple.css: 0
[2016-04-05 04:53:15] EDIT SmartBlog/views/layout.html: 0
[2016-04-05 04:53:37] EDIT SmartBlog/views/layout.html: 0
[2016-04-05 04:59:57] EDIT SmartBlog/views/layout.html: -2
[2016-04-05 22:54:10] EDIT SmartBlog/views/layout.html: 0
[2016-04-05 22:54:48] EDIT SmartBlog/views/layout.html: -2
[2016-04-05 22:55:03] EDIT SmartBlog/views/layout.html: 2
[2016-04-05 22:55:10] EDIT SmartBlog/views/layout.html: 0
[2016-04-05 22:55:48] EDIT SmartBlog/views/layout.html: 0
[2016-04-05 22:56:13] EDIT SmartBlog/views/layout.html: 0
[2016-04-05 22:56:27] EDIT SmartBlog/views/layout.html: 0
[2016-04-05 22:57:33] EDIT SmartBlog/static/css/KeepItSimple.css: -1
[2016-04-05 22:58:04] EDIT SmartBlog/static/css/KeepItSimple.css: 1
[2016-04-05 22:58:17] EDIT SmartBlog/static/css/KeepItSimple.css: 0
[2016-04-05 22:59:01] EDIT SmartBlog/static/css/KeepItSimple.css: 0
[2016-04-05 22:59:02] EDIT SmartBlog/static/css/KeepItSimple.css: 0
[2016-04-05 23:02:58] EDIT SmartBlog/static/css/KeepItSimple.css: 0
[2016-04-05 23:03:15] EDIT SmartBlog/static/css/KeepItSimple.css: 0
[2016-04-05 23:03:41] EDIT SmartBlog/static/css/KeepItSimple.css: 0
[2016-04-05 23:05:12] EDIT SmartBlog/static/css/KeepItSimple.css: 2
[2016-04-05 23:05:18] EDIT SmartBlog/static/css/KeepItSimple.css: 0
[2016-04-05 23:07:44] EDIT SmartBlog/static/css/KeepItSimple.css: -2
[2016-04-05 23:11:19] EDIT SmartBlog/views/layout.html: 1
[2016-04-05 23:11:28] EDIT SmartBlog/views/layout.html: -1
[2016-04-06 02:36:01] CREATE bloglist.html: 0
[2016-04-06 02:46:03] CREATE withsider.html: 0
[2016-04-06 02:46:26] CREATE withoutsider.html: 0
[2016-04-06 02:48:46] CREATE header.html: 0
[2016-04-06 02:48:58] CREATE footer.html: 0
[2016-04-06 02:50:08] EDIT SmartBlog/views/header.html: 21
[2016-04-06 02:50:25] EDIT SmartBlog/views/layout.html: -23
[2016-04-06 02:53:12] DELETE SmartBlog/views/withoutsider.html: -3
[2016-04-06 02:53:15] DELETE SmartBlog/views/withsider.html: -3
[2016-04-06 02:53:37] CREATE onecolview.html: 0
[2016-04-06 02:54:05] DELETE SmartBlog/views/onecolview.html: -3
[2016-04-06 02:54:20] CREATE centeronecol.html: 0
[2016-04-06 02:54:41] CREATE centertwocols.html: 0
[2016-04-06 02:54:47] EDIT SmartBlog/views/centertwocols.html: 64
[2016-04-06 02:55:28] EDIT SmartBlog/views/layout.html: -95
[2016-04-06 02:57:38] EDIT SmartBlog/views/centertwocols.html: 1
[2016-04-06 02:58:03] EDIT SmartBlog/views/default/index.html: -31
[2016-04-06 02:58:21] EDIT SmartBlog/views/default/index.html: 0
[2016-04-06 02:58:24] EDIT SmartBlog/views/default/index.html: -1
[2016-04-06 02:58:29] EDIT SmartBlog/views/default/index.html: 1
[2016-04-06 03:01:47] EDIT SmartBlog/views/layout.html: 2
[2016-04-06 03:02:02] EDIT SmartBlog/views/centertwocols.html: -2
[2016-04-06 03:03:00] DELETE SmartBlog/views/centeronecol.html: -3
[2016-04-06 03:03:18] CREATE sidemenu.html: 0
[2016-04-06 03:03:28] EDIT SmartBlog/views/sidemenu.html: 39
[2016-04-06 03:03:44] EDIT SmartBlog/views/sidemenu.html: 0
[2016-04-06 03:04:36] EDIT SmartBlog/views/centertwocols.html: -41
[2016-04-06 03:04:38] EDIT SmartBlog/views/sidemenu.html: 0
[2016-04-06 03:04:39] EDIT SmartBlog/views/default/index.html: 0
[2016-04-06 03:04:42] EDIT SmartBlog/views/default/index.html: 0
[2016-04-06 03:04:56] EDIT SmartBlog/views/layout.html: 0
[2016-04-06 03:06:51] EDIT SmartBlog/views/layout.html: -2
[2016-04-06 03:07:11] EDIT SmartBlog/views/layout.html: 2
[2016-04-06 03:07:51] EDIT SmartBlog/views/layout.html: 0
[2016-04-06 03:08:10] EDIT SmartBlog/views/layout.html: 0
[2016-04-06 03:08:35] EDIT SmartBlog/views/layout.html: 0
[2016-04-06 03:08:40] EDIT SmartBlog/views/sidemenu.html: 0
[2016-04-06 03:08:47] EDIT SmartBlog/views/centertwocols.html: 0
[2016-04-06 03:08:50] EDIT SmartBlog/views/default/index.html: 0
[2016-04-06 03:09:12] EDIT SmartBlog/views/layout.html: -1
[2016-04-06 03:09:43] EDIT SmartBlog/views/layout.html: 0
[2016-04-06 03:09:56] EDIT SmartBlog/views/layout.html: 0
[2016-04-06 03:10:57] EDIT SmartBlog/views/centertwocols.html: -18
[2016-04-06 03:11:05] EDIT SmartBlog/views/default/index.html: 19
[2016-04-06 03:14:51] EDIT SmartBlog/views/default/index.html: 0
[2016-04-06 03:46:56] EDIT SmartBlog/views/default/index.html: 12
[2016-04-06 03:48:05] EDIT SmartBlog/views/default/index.html: 3
[2016-04-06 03:48:44] EDIT SmartBlog/views/default/index.html: 0
[2016-04-06 03:52:15] EDIT SmartBlog/views/default/index.html: 3
[2016-04-06 03:53:42] EDIT SmartBlog/views/default/index.html: 2
[2016-04-06 03:53:50] EDIT SmartBlog/views/default/index.html: 0
[2016-04-06 03:56:34] EDIT SmartBlog/views/default/index.html: 1
[2016-04-06 03:56:42] EDIT SmartBlog/views/default/index.html: 0
[2016-04-06 03:58:18] EDIT SmartBlog/views/default/index.html: 0
[2016-04-06 04:01:26] EDIT SmartBlog/views/default/index.html: 0
[2016-04-06 04:03:44] EDIT SmartBlog/views/default/index.html: -13
[2016-04-06 04:03:46] EDIT SmartBlog/views/default/index.html: 0
[2016-04-06 04:04:18] EDIT SmartBlog/views/default/index.html: -27
[2016-04-06 04:04:34] EDIT SmartBlog/views/default/index.html: 0
[2016-04-06 04:05:03] CREATE db_post.py: 0
[2016-04-06 04:05:14] EDIT SmartBlog/views/default/index.html: 0
[2016-04-06 04:05:40] EDIT SmartBlog/models/db_post.py: 19
[2016-04-06 04:06:31] EDIT SmartBlog/models/db.py: 4
[2016-04-06 04:07:09] CREATE population.py: 0
[2016-04-06 04:08:45] EDIT SmartBlog/models/population.py: 32
[2016-04-06 04:08:58] EDIT SmartBlog/models/population.py: -2
[2016-04-06 04:09:53] EDIT SmartBlog/models/population.py: 1
[2016-04-06 04:09:58] EDIT SmartBlog/models/population.py: -1
[2016-04-06 04:23:55] EDIT SmartBlog/models/population.py: 13
[2016-04-06 04:23:59] EDIT SmartBlog/models/population.py: 0
[2016-04-06 04:24:07] EDIT SmartBlog/models/population.py: -1
[2016-04-06 04:24:08] EDIT SmartBlog/models/population.py: 0
[2016-04-06 04:24:10] EDIT SmartBlog/models/population.py: 0
[2016-04-06 04:24:18] EDIT SmartBlog/models/population.py: 0
[2016-04-06 04:28:19] EDIT SmartBlog/models/population.py: 0
[2016-04-06 04:28:31] EDIT SmartBlog/models/population.py: -1
[2016-04-06 04:29:23] EDIT SmartBlog/models/population.py: 0
[2016-04-06 04:29:49] EDIT SmartBlog/models/population.py: 0
[2016-04-06 04:32:06] EDIT SmartBlog/models/population.py: 0
[2016-04-06 04:32:08] EDIT SmartBlog/models/population.py: 0
[2016-04-06 04:32:50] EDIT SmartBlog/models/population.py: 0
[2016-04-06 04:33:39] EDIT SmartBlog/models/population.py: 0
[2016-04-06 04:35:04] EDIT SmartBlog/models/population.py: 0
[2016-04-06 04:42:33] EDIT SmartBlog/models/population.py: 3
[2016-04-06 04:42:47] EDIT SmartBlog/models/population.py: 0
[2016-04-06 04:43:05] EDIT SmartBlog/models/population.py: 1
[2016-04-06 04:44:09] EDIT SmartBlog/models/population.py: 2
[2016-04-06 04:44:15] EDIT SmartBlog/models/population.py: 1
[2016-04-06 04:44:35] EDIT SmartBlog/models/population.py: 0
[2016-04-06 04:45:01] EDIT SmartBlog/models/population.py: 2
[2016-04-06 04:45:07] EDIT SmartBlog/models/population.py: 1
[2016-04-06 04:45:18] EDIT SmartBlog/models/population.py: 0
[2016-04-06 04:48:13] EDIT SmartBlog/models/population.py: 3
[2016-04-06 04:49:17] EDIT SmartBlog/models/population.py: 0
[2016-04-06 04:49:56] EDIT SmartBlog/models/population.py: 0
[2016-04-06 04:50:01] EDIT SmartBlog/models/population.py: 1
[2016-04-06 04:50:27] EDIT SmartBlog/models/population.py: 0
[2016-04-06 04:51:06] EDIT SmartBlog/models/population.py: 1
[2016-04-06 04:52:04] EDIT SmartBlog/models/population.py: 0
[2016-04-06 04:52:32] EDIT SmartBlog/models/population.py: -1
[2016-04-06 04:52:35] EDIT SmartBlog/models/population.py: 1
[2016-04-06 04:53:27] EDIT SmartBlog/views/layout.html: 0
[2016-04-06 04:54:12] EDIT SmartBlog/controllers/default.py: 1
[2016-04-06 04:56:30] EDIT SmartBlog/controllers/default.py: -4
[2016-04-06 04:58:04] EDIT SmartBlog/controllers/default.py: 4
[2016-04-06 04:58:15] EDIT SmartBlog/controllers/default.py: -1
[2016-04-06 04:59:01] EDIT SmartBlog/views/default/index.html: 27
[2016-04-06 05:00:22] EDIT SmartBlog/controllers/default.py: 1
[2016-04-06 05:00:29] EDIT SmartBlog/controllers/default.py: 0
[2016-04-06 05:00:30] EDIT SmartBlog/controllers/default.py: 0
[2016-04-06 05:01:06] EDIT SmartBlog/controllers/default.py: 1
[2016-04-06 05:01:45] EDIT SmartBlog/controllers/default.py: 1
[2016-04-06 05:01:46] EDIT SmartBlog/controllers/default.py: 0
[2016-04-06 05:02:05] EDIT SmartBlog/views/default/index.html: 0
[2016-04-06 05:04:18] EDIT SmartBlog/models/population.py: 0
[2016-04-06 05:04:20] EDIT SmartBlog/models/population.py: 0
[2016-04-06 05:04:59] EDIT SmartBlog/models/population.py: 0
[2016-04-06 05:05:15] EDIT SmartBlog/models/population.py: 0
[2016-04-06 05:11:00] EDIT SmartBlog/models/population.py: 0
[2016-04-06 05:20:25] EDIT SmartBlog/models/population.py: -1
[2016-04-06 05:21:04] EDIT SmartBlog/models/population.py: 0
[2016-04-06 05:21:21] EDIT SmartBlog/models/population.py: 0
[2016-04-06 05:24:58] EDIT SmartBlog/models/population.py: 0
[2016-04-06 05:28:57] EDIT SmartBlog/models/population.py: 4
[2016-04-06 05:29:13] EDIT SmartBlog/models/population.py: 0
[2016-04-06 05:31:29] EDIT SmartBlog/models/population.py: 0
[2016-04-06 05:33:05] EDIT SmartBlog/models/population.py: 0
[2016-04-06 05:34:21] EDIT SmartBlog/models/population.py: 6
[2016-04-06 05:34:52] EDIT SmartBlog/models/population.py: 0
[2016-04-06 05:35:11] EDIT SmartBlog/models/population.py: 0
[2016-04-06 05:36:39] EDIT SmartBlog/views/default/index.html: 0
[2016-04-06 05:37:31] EDIT SmartBlog/views/default/index.html: 0
[2016-04-06 05:46:20] EDIT SmartBlog/views/default/index.html: 0
[2016-04-06 05:46:22] EDIT SmartBlog/models/population.py: 0
[2016-04-06 05:46:23] EDIT SmartBlog/models/db_post.py: 0
[2016-04-06 05:46:39] EDIT SmartBlog/models/population.py: -2
[2016-04-06 05:49:27] CREATE post.py: 0
[2016-04-06 06:24:10] EDIT SmartBlog/views/header.html: 1
[2016-04-06 06:25:42] EDIT SmartBlog/views/header.html: 0
[2016-04-06 06:26:29] EDIT SmartBlog/views/header.html: 1
[2016-04-06 06:26:37] EDIT SmartBlog/views/header.html: 0
[2016-04-06 06:26:45] EDIT SmartBlog/views/header.html: 0
[2016-04-06 06:32:11] EDIT SmartBlog/views/header.html: -1
[2016-04-06 06:32:14] EDIT SmartBlog/static/css/KeepItSimple.css: 8
[2016-04-06 06:33:35] EDIT SmartBlog/static/css/KeepItSimple.css: 0
[2016-04-06 06:37:14] EDIT SmartBlog/static/css/KeepItSimple.css: 8
[2016-04-06 06:37:45] EDIT SmartBlog/views/header.html: 2
[2016-04-06 06:38:12] EDIT SmartBlog/views/header.html: 0
[2016-04-06 06:38:34] EDIT SmartBlog/static/css/KeepItSimple.css: 0
[2016-04-06 06:39:00] EDIT SmartBlog/static/css/KeepItSimple.css: -8
[2016-04-06 06:39:22] EDIT SmartBlog/static/css/KeepItSimple.css: 0
[2016-04-06 06:42:55] EDIT SmartBlog/static/css/KeepItSimple.css: -5
[2016-04-06 06:43:19] EDIT SmartBlog/views/header.html: 0
[2016-04-06 06:45:15] EDIT SmartBlog/static/css/KeepItSimple.css: 0
[2016-04-06 06:46:38] EDIT SmartBlog/static/css/KeepItSimple.css: 9
[2016-04-06 06:47:43] EDIT SmartBlog/static/css/KeepItSimple.css: -8
[2016-04-06 06:48:11] EDIT SmartBlog/static/css/KeepItSimple.css: 0
[2016-04-06 06:48:19] EDIT SmartBlog/views/header.html: -2
[2016-04-06 06:48:26] EDIT SmartBlog/views/header.html: 2
[2016-04-06 06:48:31] EDIT SmartBlog/static/css/KeepItSimple.css: 0
[2016-04-06 06:50:20] EDIT SmartBlog/static/css/KeepItSimple.css: 4
[2016-04-06 06:50:38] EDIT SmartBlog/views/header.html: -2
[2016-04-06 06:50:41] EDIT SmartBlog/static/css/KeepItSimple.css: 0
[2016-04-06 06:51:03] EDIT SmartBlog/static/css/KeepItSimple.css: 0
[2016-04-06 06:51:22] EDIT SmartBlog/static/css/KeepItSimple.css: 0
[2016-04-06 06:52:19] EDIT SmartBlog/static/css/KeepItSimple.css: 0
[2016-04-06 06:52:59] EDIT SmartBlog/static/css/KeepItSimple.css: 0
[2016-04-06 06:53:45] EDIT SmartBlog/controllers/default.py: 435
[2016-04-06 06:54:16] EDIT SmartBlog/controllers/default.py: -435
[2016-04-06 06:54:16] EDIT SmartBlog/controllers/default.py: 0
[2016-04-06 06:55:26] EDIT SmartBlog/static/css/KeepItSimple.css: 0
[2016-04-06 06:55:53] EDIT SmartBlog/static/css/KeepItSimple.css: 1
[2016-04-06 06:56:03] EDIT SmartBlog/static/css/KeepItSimple.css: 0
[2016-04-06 06:58:17] EDIT SmartBlog/static/css/KeepItSimple.css: 0
[2016-04-06 06:59:30] EDIT SmartBlog/static/css/KeepItSimple.css: 0
[2016-04-06 07:00:20] EDIT SmartBlog/static/css/KeepItSimple.css: 0
[2016-04-06 07:01:38] EDIT SmartBlog/views/header.html: 0
[2016-04-06 07:06:20] EDIT SmartBlog/static/css/KeepItSimple.css: -2
[2016-04-06 07:07:03] EDIT SmartBlog/static/css/KeepItSimple.css: 1
[2016-04-06 07:08:35] EDIT SmartBlog/static/css/KeepItSimple.css: 0
[2016-04-06 07:09:01] EDIT SmartBlog/static/css/KeepItSimple.css: 0
[2016-04-06 07:09:24] EDIT SmartBlog/static/css/KeepItSimple.css: 0
[2016-04-06 07:09:39] EDIT SmartBlog/static/css/KeepItSimple.css: 0
[2016-04-06 07:09:51] EDIT SmartBlog/static/css/KeepItSimple.css: 0
[2016-04-06 07:10:56] EDIT SmartBlog/static/css/KeepItSimple.css: 1
[2016-04-06 07:15:02] EDIT SmartBlog/static/css/KeepItSimple.css: 0
[2016-04-06 07:15:50] EDIT SmartBlog/views/header.html: 0
[2016-04-06 07:16:13] EDIT SmartBlog/static/css/KeepItSimple.css: 0
[2016-04-06 07:16:56] EDIT SmartBlog/static/css/KeepItSimple.css: 4
[2016-04-06 07:18:18] EDIT SmartBlog/static/css/KeepItSimple.css: 0
[2016-04-06 07:18:20] EDIT SmartBlog/views/header.html: 0
